# JRE version: OpenJDK Runtime Environment (21.0.6) (build 21.0.6+-13368085-b895.109)
# Java VM: OpenJDK 64-Bit Server VM (21.0.6+-13368085-b895.109, mixed mode, tiered, compressed oops, compressed class ptrs, g1 gc, linux-amd64)
GC Precious Log:
 CardTable entry size: 512
 Card Set container configuration: InlinePtr #cards 5 size 8 Array Of Cards #cards 12 size 40 Howl #buckets 4 coarsen threshold 1843 Howl Bitmap #cards 512 size 80 coarsen threshold 460 Card regions per heap region 1 cards per card region 2048
 CPUs: 16 total, 16 available
 Memory: 64154M
 Large Page Support: Disabled
 NUMA Support: Disabled
 Compressed Oops: Enabled (32-bit)
 Heap Region Size: 1M
 Heap Min Capacity: 8M
 Heap Initial Capacity: 1004M
 Heap Max Capacity: 2G
 Pre-touch: Disabled
 Parallel Workers: 13
 Concurrent Workers: 3
 Concurrent Refinement Workers: 13
 Periodic GC: Disabled
Heap:
 garbage-first heap   total 211968K, used 142382K [0x0000000080000000, 0x0000000100000000)
  region size 1024K, 56 young (57344K), 5 survivors (5120K)
 Metaspace       used 63702K, committed 65216K, reserved 1114112K
  class space    used 8688K, committed 9472K, reserved 1048576K
GC Heap History (20 events):
Event: 2.060 GC heap before
{Heap before GC invocations=3 (full 0):
 garbage-first heap   total 68608K, used 66912K [0x0000000080000000, 0x0000000100000000)
  region size 1024K, 55 young (56320K), 8 survivors (8192K)
 Metaspace       used 29099K, committed 29696K, reserved 1114112K
  class space    used 3722K, committed 3968K, reserved 1048576K
}
Event: 2.066 GC heap after
{Heap after GC invocations=4 (full 0):
 garbage-first heap   total 79872K, used 23068K [0x0000000080000000, 0x0000000100000000)
  region size 1024K, 11 young (11264K), 11 survivors (11264K)
 Metaspace       used 29099K, committed 29696K, reserved 1114112K
  class space    used 3722K, committed 3968K, reserved 1048576K
}
Event: 2.424 GC heap before
{Heap before GC invocations=4 (full 0):
 garbage-first heap   total 79872K, used 58908K [0x0000000080000000, 0x0000000100000000)
  region size 1024K, 46 young (47104K), 11 survivors (11264K)
 Metaspace       used 33724K, committed 34560K, reserved 1114112K
  class space    used 4503K, committed 4864K, reserved 1048576K
}
Event: 2.428 GC heap after
{Heap after GC invocations=5 (full 0):
 garbage-first heap   total 79872K, used 24875K [0x0000000080000000, 0x0000000100000000)
  region size 1024K, 6 young (6144K), 6 survivors (6144K)
 Metaspace       used 33724K, committed 34560K, reserved 1114112K
  class space    used 4503K, committed 4864K, reserved 1048576K
}
Event: 3.849 GC heap before
{Heap before GC invocations=5 (full 0):
 garbage-first heap   total 79872K, used 53547K [0x0000000080000000, 0x0000000100000000)
  region size 1024K, 22 young (22528K), 6 survivors (6144K)
 Metaspace       used 35339K, committed 36160K, reserved 1114112K
  class space    used 4775K, committed 5184K, reserved 1048576K
}
Event: 3.853 GC heap after
{Heap after GC invocations=6 (full 0):
 garbage-first heap   total 79872K, used 42974K [0x0000000080000000, 0x0000000100000000)
  region size 1024K, 6 young (6144K), 6 survivors (6144K)
 Metaspace       used 35339K, committed 36160K, reserved 1114112K
  class space    used 4775K, committed 5184K, reserved 1048576K
}
Event: 4.070 GC heap before
{Heap before GC invocations=7 (full 0):
 garbage-first heap   total 79872K, used 78814K [0x0000000080000000, 0x0000000100000000)
  region size 1024K, 28 young (28672K), 6 survivors (6144K)
 Metaspace       used 38121K, committed 39104K, reserved 1114112K
  class space    used 5196K, committed 5696K, reserved 1048576K
}
Event: 4.074 GC heap after
{Heap after GC invocations=8 (full 0):
 garbage-first heap   total 91136K, used 61457K [0x0000000080000000, 0x0000000100000000)
  region size 1024K, 4 young (4096K), 4 survivors (4096K)
 Metaspace       used 38121K, committed 39104K, reserved 1114112K
  class space    used 5196K, committed 5696K, reserved 1048576K
}
Event: 4.298 GC heap before
{Heap before GC invocations=8 (full 0):
 garbage-first heap   total 91136K, used 79889K [0x0000000080000000, 0x0000000100000000)
  region size 1024K, 23 young (23552K), 4 survivors (4096K)
 Metaspace       used 40406K, committed 41600K, reserved 1114112K
  class space    used 5594K, committed 6208K, reserved 1048576K
}
Event: 4.302 GC heap after
{Heap after GC invocations=9 (full 0):
 garbage-first heap   total 91136K, used 61475K [0x0000000080000000, 0x0000000100000000)
  region size 1024K, 2 young (2048K), 2 survivors (2048K)
 Metaspace       used 40406K, committed 41600K, reserved 1114112K
  class space    used 5594K, committed 6208K, reserved 1048576K
}
Event: 4.530 GC heap before
{Heap before GC invocations=9 (full 0):
 garbage-first heap   total 91136K, used 81955K [0x0000000080000000, 0x0000000100000000)
  region size 1024K, 22 young (22528K), 2 survivors (2048K)
 Metaspace       used 43504K, committed 44800K, reserved 1114112K
  class space    used 6108K, committed 6720K, reserved 1048576K
}
Event: 4.537 GC heap after
{Heap after GC invocations=10 (full 0):
 garbage-first heap   total 560128K, used 62838K [0x0000000080000000, 0x0000000100000000)
  region size 1024K, 3 young (3072K), 3 survivors (3072K)
 Metaspace       used 43504K, committed 44800K, reserved 1114112K
  class space    used 6108K, committed 6720K, reserved 1048576K
}
Event: 5.507 GC heap before
{Heap before GC invocations=11 (full 0):
 garbage-first heap   total 211968K, used 190838K [0x0000000080000000, 0x0000000100000000)
  region size 1024K, 124 young (126976K), 3 survivors (3072K)
 Metaspace       used 57891K, committed 59392K, reserved 1114112K
  class space    used 7820K, committed 8576K, reserved 1048576K
}
Event: 5.511 GC heap after
{Heap after GC invocations=12 (full 0):
 garbage-first heap   total 211968K, used 73176K [0x0000000080000000, 0x0000000100000000)
  region size 1024K, 13 young (13312K), 13 survivors (13312K)
 Metaspace       used 57891K, committed 59392K, reserved 1114112K
  class space    used 7820K, committed 8576K, reserved 1048576K
}
Event: 5.863 GC heap before
{Heap before GC invocations=12 (full 0):
 garbage-first heap   total 211968K, used 179672K [0x0000000080000000, 0x0000000100000000)
  region size 1024K, 117 young (119808K), 13 survivors (13312K)
 Metaspace       used 62396K, committed 63936K, reserved 1114112K
  class space    used 8574K, committed 9344K, reserved 1048576K
}
Event: 5.867 GC heap after
{Heap after GC invocations=13 (full 0):
 garbage-first heap   total 211968K, used 76523K [0x0000000080000000, 0x0000000100000000)
  region size 1024K, 6 young (6144K), 6 survivors (6144K)
 Metaspace       used 62396K, committed 63936K, reserved 1114112K
  class space    used 8574K, committed 9344K, reserved 1048576K
}
Event: 6.091 GC heap before
{Heap before GC invocations=13 (full 0):
 garbage-first heap   total 211968K, used 184043K [0x0000000080000000, 0x0000000100000000)
  region size 1024K, 111 young (113664K), 6 survivors (6144K)
 Metaspace       used 62689K, committed 64256K, reserved 1114112K
  class space    used 8608K, committed 9408K, reserved 1048576K
}
Event: 6.099 GC heap after
{Heap after GC invocations=14 (full 0):
 garbage-first heap   total 211968K, used 84921K [0x0000000080000000, 0x0000000100000000)
  region size 1024K, 14 young (14336K), 14 survivors (14336K)
 Metaspace       used 62689K, committed 64256K, reserved 1114112K
  class space    used 8608K, committed 9408K, reserved 1048576K
}
Event: 6.241 GC heap before
{Heap before GC invocations=14 (full 0):
 garbage-first heap   total 211968K, used 133049K [0x0000000080000000, 0x0000000100000000)
  region size 1024K, 62 young (63488K), 14 survivors (14336K)
 Metaspace       used 63527K, committed 65088K, reserved 1114112K
  class space    used 8692K, committed 9472K, reserved 1048576K
}
Event: 6.247 GC heap after
{Heap after GC invocations=15 (full 0):
 garbage-first heap   total 211968K, used 89134K [0x0000000080000000, 0x0000000100000000)
  region size 1024K, 5 young (5120K), 5 survivors (5120K)
 Metaspace       used 63527K, committed 65088K, reserved 1114112K
  class space    used 8692K, committed 9472K, reserved 1048576K
}

